<?xml version="1.0" encoding="UTF-8"?>
<testng-results skipped="0" failed="0" total="1" passed="1">
  <reporter-output>
  </reporter-output>
  <suite name="abc.TestNgMavenExampleTest" duration-ms="17" started-at="2019-04-30T12:20:31Z" finished-at="2019-04-30T12:20:31Z">
    <groups>
    </groups>
    <test name="Command line test" duration-ms="17" started-at="2019-04-30T12:20:31Z" finished-at="2019-04-30T12:20:31Z">
      <class name="abc.TestNgMavenExampleTest">
        <test-method status="PASS" signature="exampleOfTestNgMaven()[pri:0, instance:abc.TestNgMavenExampleTest@1531931]" name="exampleOfTestNgMaven" duration-ms="5" started-at="2019-04-30T14:20:31Z" finished-at="2019-04-30T14:20:31Z">
          <reporter-output>
          </reporter-output>
        </test-method> <!-- exampleOfTestNgMaven -->
      </class> <!-- abc.TestNgMavenExampleTest -->
    </test> <!-- Command line test -->
  </suite> <!-- abc.TestNgMavenExampleTest -->
</testng-results>
